20 ../../Datasets/5_nturgb+d/nturgb+d_skeletons/S001C001P001R001A001.skeleton
(6, 1560)
20 ../../Datasets/5_nturgb+d/nturgb+d_skeletons/S001C001P001R001A002.skeleton
(14, 1560)
20 ../../Datasets/5_nturgb+d/nturgb+d_skeletons/S001C001P001R001A003.skeleton
(20, 1560)
20 ../../Datasets/5_nturgb+d/nturgb+d_skeletons/S001C001P001R001A004.skeleton
(25, 1560)
20 ../../Datasets/5_nturgb+d/nturgb+d_skeletons/S001C001P001R001A005.skeleton
(28, 1560)
20 ../../Datasets/5_nturgb+d/nturgb+d_skeletons/S001C001P001R001A006.skeleton
(32, 1560)
20 ../../Datasets/5_nturgb+d/nturgb+d_skeletons/S001C001P001R001A007.skeleton
(37, 1560)
20 ../../Datasets/5_nturgb+d/nturgb+d_skeletons/S001C001P001R001A008.skeleton
(41, 1560)
20 ../../Datasets/5_nturgb+d/nturgb+d_skeletons/S001C001P001R001A009.skeleton
(45, 1560)
20 ../../Datasets/5_nturgb+d/nturgb+d_skeletons/S001C001P001R001A010.skeleton
(49, 1560)
20 ../../Datasets/5_nturgb+d/nturgb+d_skeletons/S001C001P001R001A011.skeleton
(54, 1560)
20 ../../Datasets/5_nturgb+d/nturgb+d_skeletons/S001C001P001R001A012.skeleton
(60, 1560)
20 ../../Datasets/5_nturgb+d/nturgb+d_skeletons/S001C001P001R001A013.skeleton
(64, 1560)
20 ../../Datasets/5_nturgb+d/nturgb+d_skeletons/S001C001P001R001A014.skeleton
(73, 1560)
20 ../../Datasets/5_nturgb+d/nturgb+d_skeletons/S001C001P001R001A015.skeleton
(82, 1560)
20 ../../Datasets/5_nturgb+d/nturgb+d_skeletons/S001C001P001R001A016.skeleton
(93, 1560)
20 ../../Datasets/5_nturgb+d/nturgb+d_skeletons/S001C001P001R001A017.skeleton
(100, 1560)
20 ../../Datasets/5_nturgb+d/nturgb+d_skeletons/S001C001P001R001A018.skeleton
(105, 1560)
20 ../../Datasets/5_nturgb+d/nturgb+d_skeletons/S001C001P001R001A019.skeleton
(109, 1560)
20 ../../Datasets/5_nturgb+d/nturgb+d_skeletons/S001C001P001R001A020.skeleton
(115, 1560)
20 ../../Datasets/5_nturgb+d/nturgb+d_skeletons/S001C001P001R001A021.skeleton
(119, 1560)
20 ../../Datasets/5_nturgb+d/nturgb+d_skeletons/S001C001P001R001A022.skeleton
(125, 1560)
20 ../../Datasets/5_nturgb+d/nturgb+d_skeletons/S001C001P001R001A023.skeleton
(129, 1560)
20 ../../Datasets/5_nturgb+d/nturgb+d_skeletons/S001C001P001R001A024.skeleton
(133, 1560)
20 ../../Datasets/5_nturgb+d/nturgb+d_skeletons/S001C001P001R001A025.skeleton
(139, 1560)
20 ../../Datasets/5_nturgb+d/nturgb+d_skeletons/S001C001P001R001A026.skeleton
(145, 1560)
20 ../../Datasets/5_nturgb+d/nturgb+d_skeletons/S001C001P001R001A027.skeleton
(150, 1560)
20 ../../Datasets/5_nturgb+d/nturgb+d_skeletons/S001C001P001R001A028.skeleton
(156, 1560)
20 ../../Datasets/5_nturgb+d/nturgb+d_skeletons/S001C001P001R001A029.skeleton
(163, 1560)
20 ../../Datasets/5_nturgb+d/nturgb+d_skeletons/S001C001P001R001A030.skeleton
(168, 1560)
20 ../../Datasets/5_nturgb+d/nturgb+d_skeletons/S001C001P001R001A031.skeleton
(173, 1560)
20 ../../Datasets/5_nturgb+d/nturgb+d_skeletons/S001C001P001R001A032.skeleton
(178, 1560)
20 ../../Datasets/5_nturgb+d/nturgb+d_skeletons/S001C001P001R001A033.skeleton
(183, 1560)
20 ../../Datasets/5_nturgb+d/nturgb+d_skeletons/S001C001P001R001A034.skeleton
(188, 1560)
20 ../../Datasets/5_nturgb+d/nturgb+d_skeletons/S001C001P001R001A035.skeleton
(192, 1560)
20 ../../Datasets/5_nturgb+d/nturgb+d_skeletons/S001C001P001R001A036.skeleton
(197, 1560)
20 ../../Datasets/5_nturgb+d/nturgb+d_skeletons/S001C001P001R001A037.skeleton
(203, 1560)
20 ../../Datasets/5_nturgb+d/nturgb+d_skeletons/S001C001P001R001A038.skeleton
(209, 1560)
20 ../../Datasets/5_nturgb+d/nturgb+d_skeletons/S001C001P001R001A039.skeleton
(214, 1560)
20 ../../Datasets/5_nturgb+d/nturgb+d_skeletons/S001C001P001R001A040.skeleton
(218, 1560)
20 ../../Datasets/5_nturgb+d/nturgb+d_skeletons/S001C001P001R001A041.skeleton
(224, 1560)
20 ../../Datasets/5_nturgb+d/nturgb+d_skeletons/S001C001P001R001A042.skeleton
(234, 1560)
20 ../../Datasets/5_nturgb+d/nturgb+d_skeletons/S001C001P001R001A043.skeleton
(239, 1560)
20 ../../Datasets/5_nturgb+d/nturgb+d_skeletons/S001C001P001R001A044.skeleton
(244, 1560)
20 ../../Datasets/5_nturgb+d/nturgb+d_skeletons/S001C001P001R001A045.skeleton
(249, 1560)
20 ../../Datasets/5_nturgb+d/nturgb+d_skeletons/S001C001P001R001A046.skeleton
(256, 1560)
20 ../../Datasets/5_nturgb+d/nturgb+d_skeletons/S001C001P001R001A047.skeleton
(261, 1560)
20 ../../Datasets/5_nturgb+d/nturgb+d_skeletons/S001C001P001R001A048.skeleton
(266, 1560)
20 ../../Datasets/5_nturgb+d/nturgb+d_skeletons/S001C001P001R001A049.skeleton
(271, 1560)
20 ../../Datasets/5_nturgb+d/nturgb+d_skeletons/S001C001P001R001A050.skeleton
(275, 1560)
20 ../../Datasets/5_nturgb+d/nturgb+d_skeletons/S001C001P001R001A051.skeleton
(279, 1560)
20 ../../Datasets/5_nturgb+d/nturgb+d_skeletons/S001C001P001R001A052.skeleton
(283, 1560)
20 ../../Datasets/5_nturgb+d/nturgb+d_skeletons/S001C001P001R001A053.skeleton
(290, 1560)
20 ../../Datasets/5_nturgb+d/nturgb+d_skeletons/S001C001P001R001A054.skeleton
(294, 1560)
20 ../../Datasets/5_nturgb+d/nturgb+d_skeletons/S001C001P001R001A055.skeleton
(299, 1560)
20 ../../Datasets/5_nturgb+d/nturgb+d_skeletons/S001C001P001R001A056.skeleton
(305, 1560)
20 ../../Datasets/5_nturgb+d/nturgb+d_skeletons/S001C001P001R001A057.skeleton
(310, 1560)
20 ../../Datasets/5_nturgb+d/nturgb+d_skeletons/S001C001P001R001A058.skeleton
(314, 1560)
20 ../../Datasets/5_nturgb+d/nturgb+d_skeletons/S001C001P001R001A059.skeleton
(319, 1560)
20 ../../Datasets/5_nturgb+d/nturgb+d_skeletons/S001C001P001R001A060.skeleton
(324, 1560)
20 ../../Datasets/5_nturgb+d/nturgb+d_skeletons/S001C001P001R002A001.skeleton
(328, 1560)
20 ../../Datasets/5_nturgb+d/nturgb+d_skeletons/S001C001P001R002A002.skeleton
(334, 1560)
20 ../../Datasets/5_nturgb+d/nturgb+d_skeletons/S001C001P001R002A003.skeleton
(339, 1560)
20 ../../Datasets/5_nturgb+d/nturgb+d_skeletons/S001C001P001R002A004.skeleton
(345, 1560)
20 ../../Datasets/5_nturgb+d/nturgb+d_skeletons/S001C001P001R002A005.skeleton
(349, 1560)
20 ../../Datasets/5_nturgb+d/nturgb+d_skeletons/S001C001P001R002A006.skeleton
(354, 1560)
20 ../../Datasets/5_nturgb+d/nturgb+d_skeletons/S001C001P001R002A007.skeleton
(359, 1560)
20 ../../Datasets/5_nturgb+d/nturgb+d_skeletons/S001C001P001R002A008.skeleton
(363, 1560)
20 ../../Datasets/5_nturgb+d/nturgb+d_skeletons/S001C001P001R002A009.skeleton
(367, 1560)
20 ../../Datasets/5_nturgb+d/nturgb+d_skeletons/S001C001P001R002A010.skeleton
(371, 1560)
20 ../../Datasets/5_nturgb+d/nturgb+d_skeletons/S001C001P001R002A011.skeleton
(377, 1560)
20 ../../Datasets/5_nturgb+d/nturgb+d_skeletons/S001C001P001R002A012.skeleton
(383, 1560)
20 ../../Datasets/5_nturgb+d/nturgb+d_skeletons/S001C001P001R002A013.skeleton
(388, 1560)
20 ../../Datasets/5_nturgb+d/nturgb+d_skeletons/S001C001P001R002A014.skeleton
(400, 1560)
20 ../../Datasets/5_nturgb+d/nturgb+d_skeletons/S001C001P001R002A015.skeleton
(409, 1560)
20 ../../Datasets/5_nturgb+d/nturgb+d_skeletons/S001C001P001R002A016.skeleton
(417, 1560)
20 ../../Datasets/5_nturgb+d/nturgb+d_skeletons/S001C001P001R002A017.skeleton
(424, 1560)
20 ../../Datasets/5_nturgb+d/nturgb+d_skeletons/S001C001P001R002A018.skeleton
(429, 1560)
20 ../../Datasets/5_nturgb+d/nturgb+d_skeletons/S001C001P001R002A019.skeleton
(434, 1560)
20 ../../Datasets/5_nturgb+d/nturgb+d_skeletons/S001C001P001R002A020.skeleton
(440, 1560)
20 ../../Datasets/5_nturgb+d/nturgb+d_skeletons/S001C001P001R002A021.skeleton
(445, 1560)
20 ../../Datasets/5_nturgb+d/nturgb+d_skeletons/S001C001P001R002A022.skeleton
(450, 1560)
20 ../../Datasets/5_nturgb+d/nturgb+d_skeletons/S001C001P001R002A023.skeleton
(454, 1560)
20 ../../Datasets/5_nturgb+d/nturgb+d_skeletons/S001C001P001R002A024.skeleton
(459, 1560)
20 ../../Datasets/5_nturgb+d/nturgb+d_skeletons/S001C001P001R002A025.skeleton
(465, 1560)
20 ../../Datasets/5_nturgb+d/nturgb+d_skeletons/S001C001P001R002A026.skeleton
(470, 1560)
20 ../../Datasets/5_nturgb+d/nturgb+d_skeletons/S001C001P001R002A027.skeleton
(475, 1560)
20 ../../Datasets/5_nturgb+d/nturgb+d_skeletons/S001C001P001R002A028.skeleton
(482, 1560)
20 ../../Datasets/5_nturgb+d/nturgb+d_skeletons/S001C001P001R002A029.skeleton
(488, 1560)
20 ../../Datasets/5_nturgb+d/nturgb+d_skeletons/S001C001P001R002A030.skeleton
(495, 1560)
20 ../../Datasets/5_nturgb+d/nturgb+d_skeletons/S001C001P001R002A031.skeleton
(500, 1560)
20 ../../Datasets/5_nturgb+d/nturgb+d_skeletons/S001C001P001R002A032.skeleton
(505, 1560)
20 ../../Datasets/5_nturgb+d/nturgb+d_skeletons/S001C001P001R002A033.skeleton
(510, 1560)
20 ../../Datasets/5_nturgb+d/nturgb+d_skeletons/S001C001P001R002A034.skeleton
(515, 1560)
20 ../../Datasets/5_nturgb+d/nturgb+d_skeletons/S001C001P001R002A035.skeleton
(520, 1560)
20 ../../Datasets/5_nturgb+d/nturgb+d_skeletons/S001C001P001R002A036.skeleton
(524, 1560)
20 ../../Datasets/5_nturgb+d/nturgb+d_skeletons/S001C001P001R002A037.skeleton
(530, 1560)
20 ../../Datasets/5_nturgb+d/nturgb+d_skeletons/S001C001P001R002A038.skeleton
(533, 1560)
20 ../../Datasets/5_nturgb+d/nturgb+d_skeletons/S001C001P001R002A039.skeleton
(537, 1560)
20 ../../Datasets/5_nturgb+d/nturgb+d_skeletons/S001C001P001R002A040.skeleton
(540, 1560)
20 ../../Datasets/5_nturgb+d/nturgb+d_skeletons/S001C001P001R002A041.skeleton
(544, 1560)
20 ../../Datasets/5_nturgb+d/nturgb+d_skeletons/S001C001P001R002A042.skeleton
(551, 1560)
20 ../../Datasets/5_nturgb+d/nturgb+d_skeletons/S001C001P001R002A043.skeleton
(555, 1560)
20 ../../Datasets/5_nturgb+d/nturgb+d_skeletons/S001C001P001R002A044.skeleton
(560, 1560)
20 ../../Datasets/5_nturgb+d/nturgb+d_skeletons/S001C001P001R002A045.skeleton
(566, 1560)
20 ../../Datasets/5_nturgb+d/nturgb+d_skeletons/S001C001P001R002A046.skeleton
(570, 1560)
20 ../../Datasets/5_nturgb+d/nturgb+d_skeletons/S001C001P001R002A047.skeleton
(576, 1560)
20 ../../Datasets/5_nturgb+d/nturgb+d_skeletons/S001C001P001R002A048.skeleton
(581, 1560)
20 ../../Datasets/5_nturgb+d/nturgb+d_skeletons/S001C001P001R002A049.skeleton
(586, 1560)
20 ../../Datasets/5_nturgb+d/nturgb+d_skeletons/S001C001P001R002A050.skeleton
(590, 1560)
20 ../../Datasets/5_nturgb+d/nturgb+d_skeletons/S001C001P001R002A051.skeleton
(594, 1560)
20 ../../Datasets/5_nturgb+d/nturgb+d_skeletons/S001C001P001R002A052.skeleton
(598, 1560)
20 ../../Datasets/5_nturgb+d/nturgb+d_skeletons/S001C001P001R002A053.skeleton
(603, 1560)
20 ../../Datasets/5_nturgb+d/nturgb+d_skeletons/S001C001P001R002A054.skeleton
(607, 1560)
20 ../../Datasets/5_nturgb+d/nturgb+d_skeletons/S001C001P001R002A055.skeleton
(611, 1560)
20 ../../Datasets/5_nturgb+d/nturgb+d_skeletons/S001C001P001R002A056.skeleton
(615, 1560)
20 ../../Datasets/5_nturgb+d/nturgb+d_skeletons/S001C001P001R002A057.skeleton
(620, 1560)
20 ../../Datasets/5_nturgb+d/nturgb+d_skeletons/S001C001P001R002A058.skeleton
(624, 1560)
20 ../../Datasets/5_nturgb+d/nturgb+d_skeletons/S001C001P001R002A059.skeleton
(631, 1560)
20 ../../Datasets/5_nturgb+d/nturgb+d_skeletons/S001C001P001R002A060.skeleton
(636, 1560)
20 ../../Datasets/5_nturgb+d/nturgb+d_skeletons/S001C001P002R001A001.skeleton
(640, 1560)
20 ../../Datasets/5_nturgb+d/nturgb+d_skeletons/S001C001P002R001A002.skeleton
(645, 1560)
20 ../../Datasets/5_nturgb+d/nturgb+d_skeletons/S001C001P002R001A003.skeleton
(650, 1560)
20 ../../Datasets/5_nturgb+d/nturgb+d_skeletons/S001C001P002R001A004.skeleton
(656, 1560)
20 ../../Datasets/5_nturgb+d/nturgb+d_skeletons/S001C001P002R001A005.skeleton
(660, 1560)
20 ../../Datasets/5_nturgb+d/nturgb+d_skeletons/S001C001P002R001A006.skeleton
(664, 1560)
20 ../../Datasets/5_nturgb+d/nturgb+d_skeletons/S001C001P002R001A007.skeleton
(668, 1560)
20 ../../Datasets/5_nturgb+d/nturgb+d_skeletons/S001C001P002R001A008.skeleton
(672, 1560)
20 ../../Datasets/5_nturgb+d/nturgb+d_skeletons/S001C001P002R001A009.skeleton
(676, 1560)
20 ../../Datasets/5_nturgb+d/nturgb+d_skeletons/S001C001P002R001A010.skeleton
(680, 1560)
20 ../../Datasets/5_nturgb+d/nturgb+d_skeletons/S001C001P002R001A011.skeleton
(686, 1560)
20 ../../Datasets/5_nturgb+d/nturgb+d_skeletons/S001C001P002R001A012.skeleton
(695, 1560)
20 ../../Datasets/5_nturgb+d/nturgb+d_skeletons/S001C001P002R001A013.skeleton
(701, 1560)
20 ../../Datasets/5_nturgb+d/nturgb+d_skeletons/S001C001P002R001A014.skeleton
(709, 1560)
20 ../../Datasets/5_nturgb+d/nturgb+d_skeletons/S001C001P002R001A015.skeleton
(717, 1560)
20 ../../Datasets/5_nturgb+d/nturgb+d_skeletons/S001C001P002R001A016.skeleton
(728, 1560)
20 ../../Datasets/5_nturgb+d/nturgb+d_skeletons/S001C001P002R001A017.skeleton
(739, 1560)
20 ../../Datasets/5_nturgb+d/nturgb+d_skeletons/S001C001P002R001A018.skeleton
(743, 1560)
20 ../../Datasets/5_nturgb+d/nturgb+d_skeletons/S001C001P002R001A019.skeleton
(747, 1560)
20 ../../Datasets/5_nturgb+d/nturgb+d_skeletons/S001C001P002R001A020.skeleton
(751, 1560)
20 ../../Datasets/5_nturgb+d/nturgb+d_skeletons/S001C001P002R001A021.skeleton
(755, 1560)
20 ../../Datasets/5_nturgb+d/nturgb+d_skeletons/S001C001P002R001A022.skeleton
(758, 1560)
20 ../../Datasets/5_nturgb+d/nturgb+d_skeletons/S001C001P002R001A023.skeleton
(761, 1560)
20 ../../Datasets/5_nturgb+d/nturgb+d_skeletons/S001C001P002R001A024.skeleton
(764, 1560)
20 ../../Datasets/5_nturgb+d/nturgb+d_skeletons/S001C001P002R001A025.skeleton
(770, 1560)
20 ../../Datasets/5_nturgb+d/nturgb+d_skeletons/S001C001P002R001A026.skeleton
(774, 1560)
20 ../../Datasets/5_nturgb+d/nturgb+d_skeletons/S001C001P002R001A027.skeleton
(778, 1560)
20 ../../Datasets/5_nturgb+d/nturgb+d_skeletons/S001C001P002R001A028.skeleton
(783, 1560)
20 ../../Datasets/5_nturgb+d/nturgb+d_skeletons/S001C001P002R001A029.skeleton
(788, 1560)
20 ../../Datasets/5_nturgb+d/nturgb+d_skeletons/S001C001P002R001A030.skeleton
(794, 1560)
20 ../../Datasets/5_nturgb+d/nturgb+d_skeletons/S001C001P002R001A031.skeleton
(797, 1560)
20 ../../Datasets/5_nturgb+d/nturgb+d_skeletons/S001C001P002R001A032.skeleton
(802, 1560)
20 ../../Datasets/5_nturgb+d/nturgb+d_skeletons/S001C001P002R001A033.skeleton
(806, 1560)
20 ../../Datasets/5_nturgb+d/nturgb+d_skeletons/S001C001P002R001A034.skeleton
(810, 1560)
20 ../../Datasets/5_nturgb+d/nturgb+d_skeletons/S001C001P002R001A035.skeleton
(814, 1560)
20 ../../Datasets/5_nturgb+d/nturgb+d_skeletons/S001C001P002R001A036.skeleton
(820, 1560)
20 ../../Datasets/5_nturgb+d/nturgb+d_skeletons/S001C001P002R001A037.skeleton
(826, 1560)
20 ../../Datasets/5_nturgb+d/nturgb+d_skeletons/S001C001P002R001A038.skeleton
(829, 1560)
20 ../../Datasets/5_nturgb+d/nturgb+d_skeletons/S001C001P002R001A039.skeleton
(833, 1560)
20 ../../Datasets/5_nturgb+d/nturgb+d_skeletons/S001C001P002R001A040.skeleton
(837, 1560)
20 ../../Datasets/5_nturgb+d/nturgb+d_skeletons/S001C001P002R001A041.skeleton
(843, 1560)
20 ../../Datasets/5_nturgb+d/nturgb+d_skeletons/S001C001P002R001A042.skeleton
(848, 1560)
20 ../../Datasets/5_nturgb+d/nturgb+d_skeletons/S001C001P002R001A043.skeleton
(853, 1560)
20 ../../Datasets/5_nturgb+d/nturgb+d_skeletons/S001C001P002R001A044.skeleton
(857, 1560)
20 ../../Datasets/5_nturgb+d/nturgb+d_skeletons/S001C001P002R001A045.skeleton
(863, 1560)
20 ../../Datasets/5_nturgb+d/nturgb+d_skeletons/S001C001P002R001A046.skeleton
(870, 1560)
20 ../../Datasets/5_nturgb+d/nturgb+d_skeletons/S001C001P002R001A047.skeleton
(876, 1560)
20 ../../Datasets/5_nturgb+d/nturgb+d_skeletons/S001C001P002R001A048.skeleton
(883, 1560)
20 ../../Datasets/5_nturgb+d/nturgb+d_skeletons/S001C001P002R001A049.skeleton
(889, 1560)
20 ../../Datasets/5_nturgb+d/nturgb+d_skeletons/S001C001P002R001A050.skeleton
(893, 1560)
20 ../../Datasets/5_nturgb+d/nturgb+d_skeletons/S001C001P002R001A051.skeleton
(897, 1560)
20 ../../Datasets/5_nturgb+d/nturgb+d_skeletons/S001C001P002R001A052.skeleton
(901, 1560)
20 ../../Datasets/5_nturgb+d/nturgb+d_skeletons/S001C001P002R001A053.skeleton
(905, 1560)
20 ../../Datasets/5_nturgb+d/nturgb+d_skeletons/S001C001P002R001A054.skeleton
(908, 1560)
20 ../../Datasets/5_nturgb+d/nturgb+d_skeletons/S001C001P002R001A055.skeleton
(912, 1560)
20 ../../Datasets/5_nturgb+d/nturgb+d_skeletons/S001C001P002R001A056.skeleton
(916, 1560)
20 ../../Datasets/5_nturgb+d/nturgb+d_skeletons/S001C001P002R001A057.skeleton
(921, 1560)
20 ../../Datasets/5_nturgb+d/nturgb+d_skeletons/S001C001P002R001A058.skeleton
(925, 1560)
20 ../../Datasets/5_nturgb+d/nturgb+d_skeletons/S001C001P002R001A059.skeleton
(930, 1560)
20 ../../Datasets/5_nturgb+d/nturgb+d_skeletons/S001C001P002R001A060.skeleton
(935, 1560)
20 ../../Datasets/5_nturgb+d/nturgb+d_skeletons/S001C001P002R002A001.skeleton
(940, 1560)
20 ../../Datasets/5_nturgb+d/nturgb+d_skeletons/S001C001P002R002A002.skeleton
(948, 1560)
20 ../../Datasets/5_nturgb+d/nturgb+d_skeletons/S001C001P002R002A003.skeleton
(954, 1560)
20 ../../Datasets/5_nturgb+d/nturgb+d_skeletons/S001C001P002R002A004.skeleton
(960, 1560)
20 ../../Datasets/5_nturgb+d/nturgb+d_skeletons/S001C001P002R002A005.skeleton
(964, 1560)
20 ../../Datasets/5_nturgb+d/nturgb+d_skeletons/S001C001P002R002A006.skeleton
(969, 1560)
20 ../../Datasets/5_nturgb+d/nturgb+d_skeletons/S001C001P002R002A007.skeleton
(974, 1560)
20 ../../Datasets/5_nturgb+d/nturgb+d_skeletons/S001C001P002R002A008.skeleton
(978, 1560)
20 ../../Datasets/5_nturgb+d/nturgb+d_skeletons/S001C001P002R002A009.skeleton
(982, 1560)
20 ../../Datasets/5_nturgb+d/nturgb+d_skeletons/S001C001P002R002A010.skeleton
(987, 1560)
20 ../../Datasets/5_nturgb+d/nturgb+d_skeletons/S001C001P002R002A011.skeleton
(994, 1560)
20 ../../Datasets/5_nturgb+d/nturgb+d_skeletons/S001C001P002R002A012.skeleton
(1001, 1560)
20 ../../Datasets/5_nturgb+d/nturgb+d_skeletons/S001C001P002R002A013.skeleton
(1007, 1560)
20 ../../Datasets/5_nturgb+d/nturgb+d_skeletons/S001C001P002R002A014.skeleton
(1016, 1560)
20 ../../Datasets/5_nturgb+d/nturgb+d_skeletons/S001C001P002R002A015.skeleton
(1024, 1560)
20 ../../Datasets/5_nturgb+d/nturgb+d_skeletons/S001C001P002R002A016.skeleton
(1032, 1560)
20 ../../Datasets/5_nturgb+d/nturgb+d_skeletons/S001C001P002R002A017.skeleton
(1037, 1560)
20 ../../Datasets/5_nturgb+d/nturgb+d_skeletons/S001C001P002R002A018.skeleton
(1041, 1560)
20 ../../Datasets/5_nturgb+d/nturgb+d_skeletons/S001C001P002R002A019.skeleton
(1045, 1560)
20 ../../Datasets/5_nturgb+d/nturgb+d_skeletons/S001C001P002R002A020.skeleton
(1049, 1560)
20 ../../Datasets/5_nturgb+d/nturgb+d_skeletons/S001C001P002R002A021.skeleton
(1053, 1560)
20 ../../Datasets/5_nturgb+d/nturgb+d_skeletons/S001C001P002R002A022.skeleton
(1058, 1560)
20 ../../Datasets/5_nturgb+d/nturgb+d_skeletons/S001C001P002R002A023.skeleton
(1062, 1560)
20 ../../Datasets/5_nturgb+d/nturgb+d_skeletons/S001C001P002R002A024.skeleton
(1067, 1560)
20 ../../Datasets/5_nturgb+d/nturgb+d_skeletons/S001C001P002R002A025.skeleton
(1074, 1560)
20 ../../Datasets/5_nturgb+d/nturgb+d_skeletons/S001C001P002R002A026.skeleton
(1079, 1560)
20 ../../Datasets/5_nturgb+d/nturgb+d_skeletons/S001C001P002R002A027.skeleton
(1083, 1560)
20 ../../Datasets/5_nturgb+d/nturgb+d_skeletons/S001C001P002R002A028.skeleton
(1090, 1560)
20 ../../Datasets/5_nturgb+d/nturgb+d_skeletons/S001C001P002R002A029.skeleton
(1096, 1560)
20 ../../Datasets/5_nturgb+d/nturgb+d_skeletons/S001C001P002R002A030.skeleton
(1103, 1560)
20 ../../Datasets/5_nturgb+d/nturgb+d_skeletons/S001C001P002R002A031.skeleton
(1107, 1560)
20 ../../Datasets/5_nturgb+d/nturgb+d_skeletons/S001C001P002R002A032.skeleton
(1114, 1560)
20 ../../Datasets/5_nturgb+d/nturgb+d_skeletons/S001C001P002R002A033.skeleton
(1119, 1560)
20 ../../Datasets/5_nturgb+d/nturgb+d_skeletons/S001C001P002R002A034.skeleton
(1123, 1560)
20 ../../Datasets/5_nturgb+d/nturgb+d_skeletons/S001C001P002R002A035.skeleton
(1128, 1560)
20 ../../Datasets/5_nturgb+d/nturgb+d_skeletons/S001C001P002R002A036.skeleton
(1133, 1560)
20 ../../Datasets/5_nturgb+d/nturgb+d_skeletons/S001C001P002R002A037.skeleton
(1138, 1560)
20 ../../Datasets/5_nturgb+d/nturgb+d_skeletons/S001C001P002R002A038.skeleton
(1144, 1560)
20 ../../Datasets/5_nturgb+d/nturgb+d_skeletons/S001C001P002R002A039.skeleton
(1148, 1560)
20 ../../Datasets/5_nturgb+d/nturgb+d_skeletons/S001C001P002R002A040.skeleton
(1152, 1560)
20 ../../Datasets/5_nturgb+d/nturgb+d_skeletons/S001C001P002R002A041.skeleton
(1156, 1560)
20 ../../Datasets/5_nturgb+d/nturgb+d_skeletons/S001C001P002R002A042.skeleton
(1161, 1560)
20 ../../Datasets/5_nturgb+d/nturgb+d_skeletons/S001C001P002R002A043.skeleton
(1165, 1560)
20 ../../Datasets/5_nturgb+d/nturgb+d_skeletons/S001C001P002R002A044.skeleton
(1170, 1560)
20 ../../Datasets/5_nturgb+d/nturgb+d_skeletons/S001C001P002R002A045.skeleton
(1175, 1560)
20 ../../Datasets/5_nturgb+d/nturgb+d_skeletons/S001C001P002R002A046.skeleton
(1182, 1560)
20 ../../Datasets/5_nturgb+d/nturgb+d_skeletons/S001C001P002R002A047.skeleton
(1188, 1560)
20 ../../Datasets/5_nturgb+d/nturgb+d_skeletons/S001C001P002R002A048.skeleton
(1194, 1560)
20 ../../Datasets/5_nturgb+d/nturgb+d_skeletons/S001C001P002R002A049.skeleton
(1199, 1560)
20 ../../Datasets/5_nturgb+d/nturgb+d_skeletons/S001C001P002R002A050.skeleton
(1203, 1560)
20 ../../Datasets/5_nturgb+d/nturgb+d_skeletons/S001C001P002R002A051.skeleton
(1207, 1560)
20 ../../Datasets/5_nturgb+d/nturgb+d_skeletons/S001C001P002R002A052.skeleton
(1211, 1560)
20 ../../Datasets/5_nturgb+d/nturgb+d_skeletons/S001C001P002R002A053.skeleton
(1216, 1560)
20 ../../Datasets/5_nturgb+d/nturgb+d_skeletons/S001C001P002R002A054.skeleton
(1220, 1560)
20 ../../Datasets/5_nturgb+d/nturgb+d_skeletons/S001C001P002R002A055.skeleton
(1223, 1560)
20 ../../Datasets/5_nturgb+d/nturgb+d_skeletons/S001C001P002R002A056.skeleton
(1227, 1560)
20 ../../Datasets/5_nturgb+d/nturgb+d_skeletons/S001C001P002R002A057.skeleton
(1232, 1560)
20 ../../Datasets/5_nturgb+d/nturgb+d_skeletons/S001C001P002R002A058.skeleton
(1236, 1560)
20 ../../Datasets/5_nturgb+d/nturgb+d_skeletons/S001C001P002R002A059.skeleton
(1241, 1560)
20 ../../Datasets/5_nturgb+d/nturgb+d_skeletons/S001C001P002R002A060.skeleton
(1246, 1560)
20 ../../Datasets/5_nturgb+d/nturgb+d_skeletons/S001C001P003R001A001.skeleton
(1252, 1560)
20 ../../Datasets/5_nturgb+d/nturgb+d_skeletons/S001C001P003R001A002.skeleton
(1258, 1560)
20 ../../Datasets/5_nturgb+d/nturgb+d_skeletons/S001C001P003R001A003.skeleton
(1264, 1560)
20 ../../Datasets/5_nturgb+d/nturgb+d_skeletons/S001C001P003R001A004.skeleton
(1270, 1560)
20 ../../Datasets/5_nturgb+d/nturgb+d_skeletons/S001C001P003R001A005.skeleton
(1274, 1560)
20 ../../Datasets/5_nturgb+d/nturgb+d_skeletons/S001C001P003R001A006.skeleton
(1279, 1560)
20 ../../Datasets/5_nturgb+d/nturgb+d_skeletons/S001C001P003R001A007.skeleton
(1284, 1560)
20 ../../Datasets/5_nturgb+d/nturgb+d_skeletons/S001C001P003R001A008.skeleton
(1290, 1560)
20 ../../Datasets/5_nturgb+d/nturgb+d_skeletons/S001C001P003R001A009.skeleton
(1296, 1560)
20 ../../Datasets/5_nturgb+d/nturgb+d_skeletons/S001C001P003R001A010.skeleton
(1301, 1560)
20 ../../Datasets/5_nturgb+d/nturgb+d_skeletons/S001C001P003R001A011.skeleton
(1308, 1560)
20 ../../Datasets/5_nturgb+d/nturgb+d_skeletons/S001C001P003R001A012.skeleton
(1315, 1560)
20 ../../Datasets/5_nturgb+d/nturgb+d_skeletons/S001C001P003R001A013.skeleton
(1324, 1560)
20 ../../Datasets/5_nturgb+d/nturgb+d_skeletons/S001C001P003R001A014.skeleton
(1336, 1560)
20 ../../Datasets/5_nturgb+d/nturgb+d_skeletons/S001C001P003R001A015.skeleton
(1344, 1560)
20 ../../Datasets/5_nturgb+d/nturgb+d_skeletons/S001C001P003R001A016.skeleton
(1354, 1560)
20 ../../Datasets/5_nturgb+d/nturgb+d_skeletons/S001C001P003R001A017.skeleton
(1361, 1560)
20 ../../Datasets/5_nturgb+d/nturgb+d_skeletons/S001C001P003R001A018.skeleton
(1366, 1560)
20 ../../Datasets/5_nturgb+d/nturgb+d_skeletons/S001C001P003R001A019.skeleton
(1372, 1560)
20 ../../Datasets/5_nturgb+d/nturgb+d_skeletons/S001C001P003R001A020.skeleton
(1378, 1560)
20 ../../Datasets/5_nturgb+d/nturgb+d_skeletons/S001C001P003R001A021.skeleton
(1383, 1560)
20 ../../Datasets/5_nturgb+d/nturgb+d_skeletons/S001C001P003R001A022.skeleton
(1388, 1560)
20 ../../Datasets/5_nturgb+d/nturgb+d_skeletons/S001C001P003R001A023.skeleton
(1393, 1560)
20 ../../Datasets/5_nturgb+d/nturgb+d_skeletons/S001C001P003R001A024.skeleton
(1398, 1560)
20 ../../Datasets/5_nturgb+d/nturgb+d_skeletons/S001C001P003R001A025.skeleton
(1404, 1560)
20 ../../Datasets/5_nturgb+d/nturgb+d_skeletons/S001C001P003R001A026.skeleton
(1409, 1560)
20 ../../Datasets/5_nturgb+d/nturgb+d_skeletons/S001C001P003R001A027.skeleton
(1413, 1560)
20 ../../Datasets/5_nturgb+d/nturgb+d_skeletons/S001C001P003R001A028.skeleton
(1424, 1560)
20 ../../Datasets/5_nturgb+d/nturgb+d_skeletons/S001C001P003R001A029.skeleton
(1430, 1560)
20 ../../Datasets/5_nturgb+d/nturgb+d_skeletons/S001C001P003R001A030.skeleton
(1436, 1560)
20 ../../Datasets/5_nturgb+d/nturgb+d_skeletons/S001C001P003R001A031.skeleton
(1440, 1560)
20 ../../Datasets/5_nturgb+d/nturgb+d_skeletons/S001C001P003R001A032.skeleton
(1446, 1560)
20 ../../Datasets/5_nturgb+d/nturgb+d_skeletons/S001C001P003R001A033.skeleton
(1450, 1560)
20 ../../Datasets/5_nturgb+d/nturgb+d_skeletons/S001C001P003R001A034.skeleton
(1454, 1560)
20 ../../Datasets/5_nturgb+d/nturgb+d_skeletons/S001C001P003R001A035.skeleton
(1459, 1560)
20 ../../Datasets/5_nturgb+d/nturgb+d_skeletons/S001C001P003R001A036.skeleton
(1463, 1560)
20 ../../Datasets/5_nturgb+d/nturgb+d_skeletons/S001C001P003R001A037.skeleton
(1469, 1560)
20 ../../Datasets/5_nturgb+d/nturgb+d_skeletons/S001C001P003R001A038.skeleton
(1474, 1560)
20 ../../Datasets/5_nturgb+d/nturgb+d_skeletons/S001C001P003R001A039.skeleton
(1478, 1560)
20 ../../Datasets/5_nturgb+d/nturgb+d_skeletons/S001C001P003R001A040.skeleton
(1482, 1560)
20 ../../Datasets/5_nturgb+d/nturgb+d_skeletons/S001C001P003R001A041.skeleton
(1486, 1560)
20 ../../Datasets/5_nturgb+d/nturgb+d_skeletons/S001C001P003R001A042.skeleton
(1493, 1560)
20 ../../Datasets/5_nturgb+d/nturgb+d_skeletons/S001C001P003R001A043.skeleton
(1497, 1560)
20 ../../Datasets/5_nturgb+d/nturgb+d_skeletons/S001C001P003R001A044.skeleton
(1502, 1560)
20 ../../Datasets/5_nturgb+d/nturgb+d_skeletons/S001C001P003R001A045.skeleton
(1508, 1560)
20 ../../Datasets/5_nturgb+d/nturgb+d_skeletons/S001C001P003R001A046.skeleton
(1514, 1560)
20 ../../Datasets/5_nturgb+d/nturgb+d_skeletons/S001C001P003R001A047.skeleton
(1519, 1560)
20 ../../Datasets/5_nturgb+d/nturgb+d_skeletons/S001C001P003R001A048.skeleton
(1524, 1560)
20 ../../Datasets/5_nturgb+d/nturgb+d_skeletons/S001C001P003R001A049.skeleton
(1529, 1560)
20 ../../Datasets/5_nturgb+d/nturgb+d_skeletons/S001C001P003R001A050.skeleton
(1534, 1560)
20 ../../Datasets/5_nturgb+d/nturgb+d_skeletons/S001C001P003R001A051.skeleton
(1540, 1560)
20 ../../Datasets/5_nturgb+d/nturgb+d_skeletons/S001C001P003R001A052.skeleton
(1544, 1560)
20 ../../Datasets/5_nturgb+d/nturgb+d_skeletons/S001C001P003R001A053.skeleton
(1548, 1560)
20 ../../Datasets/5_nturgb+d/nturgb+d_skeletons/S001C001P003R001A054.skeleton
(1553, 1560)
20 ../../Datasets/5_nturgb+d/nturgb+d_skeletons/S001C001P003R001A055.skeleton
(1558, 1560)
20 ../../Datasets/5_nturgb+d/nturgb+d_skeletons/S001C001P003R001A056.skeleton
(1562, 1560)
20 ../../Datasets/5_nturgb+d/nturgb+d_skeletons/S001C001P003R001A057.skeleton
(1569, 1560)
20 ../../Datasets/5_nturgb+d/nturgb+d_skeletons/S001C001P003R001A058.skeleton
(1573, 1560)
20 ../../Datasets/5_nturgb+d/nturgb+d_skeletons/S001C001P003R001A059.skeleton
(1578, 1560)
20 ../../Datasets/5_nturgb+d/nturgb+d_skeletons/S001C001P003R001A060.skeleton
(1584, 1560)
20 ../../Datasets/5_nturgb+d/nturgb+d_skeletons/S001C001P003R002A001.skeleton
(1592, 1560)
20 ../../Datasets/5_nturgb+d/nturgb+d_skeletons/S001C001P003R002A002.skeleton
(1598, 1560)
20 ../../Datasets/5_nturgb+d/nturgb+d_skeletons/S001C001P003R002A003.skeleton
(1604, 1560)
20 ../../Datasets/5_nturgb+d/nturgb+d_skeletons/S001C001P003R002A004.skeleton
(1609, 1560)
20 ../../Datasets/5_nturgb+d/nturgb+d_skeletons/S001C001P003R002A005.skeleton
(1613, 1560)
20 ../../Datasets/5_nturgb+d/nturgb+d_skeletons/S001C001P003R002A006.skeleton
(1618, 1560)
20 ../../Datasets/5_nturgb+d/nturgb+d_skeletons/S001C001P003R002A007.skeleton
(1622, 1560)
20 ../../Datasets/5_nturgb+d/nturgb+d_skeletons/S001C001P003R002A008.skeleton
(1627, 1560)
20 ../../Datasets/5_nturgb+d/nturgb+d_skeletons/S001C001P003R002A009.skeleton
(1632, 1560)
20 ../../Datasets/5_nturgb+d/nturgb+d_skeletons/S001C001P003R002A010.skeleton
(1637, 1560)
20 ../../Datasets/5_nturgb+d/nturgb+d_skeletons/S001C001P003R002A011.skeleton
(1643, 1560)
20 ../../Datasets/5_nturgb+d/nturgb+d_skeletons/S001C001P003R002A012.skeleton
(1650, 1560)
20 ../../Datasets/5_nturgb+d/nturgb+d_skeletons/S001C001P003R002A013.skeleton
(1658, 1560)
20 ../../Datasets/5_nturgb+d/nturgb+d_skeletons/S001C001P003R002A014.skeleton
(1670, 1560)
20 ../../Datasets/5_nturgb+d/nturgb+d_skeletons/S001C001P003R002A015.skeleton
(1682, 1560)
20 ../../Datasets/5_nturgb+d/nturgb+d_skeletons/S001C001P003R002A016.skeleton
(1693, 1560)
20 ../../Datasets/5_nturgb+d/nturgb+d_skeletons/S001C001P003R002A017.skeleton
(1700, 1560)
20 ../../Datasets/5_nturgb+d/nturgb+d_skeletons/S001C001P003R002A018.skeleton
(1707, 1560)
20 ../../Datasets/5_nturgb+d/nturgb+d_skeletons/S001C001P003R002A019.skeleton
(1712, 1560)
20 ../../Datasets/5_nturgb+d/nturgb+d_skeletons/S001C001P003R002A020.skeleton
(1719, 1560)
20 ../../Datasets/5_nturgb+d/nturgb+d_skeletons/S001C001P003R002A021.skeleton
(1723, 1560)
20 ../../Datasets/5_nturgb+d/nturgb+d_skeletons/S001C001P003R002A022.skeleton
(1728, 1560)
20 ../../Datasets/5_nturgb+d/nturgb+d_skeletons/S001C001P003R002A023.skeleton
(1733, 1560)
20 ../../Datasets/5_nturgb+d/nturgb+d_skeletons/S001C001P003R002A024.skeleton
(1738, 1560)
20 ../../Datasets/5_nturgb+d/nturgb+d_skeletons/S001C001P003R002A025.skeleton
(1744, 1560)
20 ../../Datasets/5_nturgb+d/nturgb+d_skeletons/S001C001P003R002A026.skeleton
(1749, 1560)
20 ../../Datasets/5_nturgb+d/nturgb+d_skeletons/S001C001P003R002A027.skeleton
(1753, 1560)
20 ../../Datasets/5_nturgb+d/nturgb+d_skeletons/S001C001P003R002A028.skeleton
(1759, 1560)
20 ../../Datasets/5_nturgb+d/nturgb+d_skeletons/S001C001P003R002A029.skeleton
(1767, 1560)
20 ../../Datasets/5_nturgb+d/nturgb+d_skeletons/S001C001P003R002A030.skeleton
(1773, 1560)
20 ../../Datasets/5_nturgb+d/nturgb+d_skeletons/S001C001P003R002A031.skeleton
(1777, 1560)
20 ../../Datasets/5_nturgb+d/nturgb+d_skeletons/S001C001P003R002A032.skeleton
(1782, 1560)
20 ../../Datasets/5_nturgb+d/nturgb+d_skeletons/S001C001P003R002A033.skeleton
(1787, 1560)
20 ../../Datasets/5_nturgb+d/nturgb+d_skeletons/S001C001P003R002A034.skeleton
(1792, 1560)
20 ../../Datasets/5_nturgb+d/nturgb+d_skeletons/S001C001P003R002A035.skeleton
(1796, 1560)
20 ../../Datasets/5_nturgb+d/nturgb+d_skeletons/S001C001P003R002A036.skeleton
(1800, 1560)
20 ../../Datasets/5_nturgb+d/nturgb+d_skeletons/S001C001P003R002A037.skeleton
(1807, 1560)
20 ../../Datasets/5_nturgb+d/nturgb+d_skeletons/S001C001P003R002A038.skeleton
(1811, 1560)
20 ../../Datasets/5_nturgb+d/nturgb+d_skeletons/S001C001P003R002A039.skeleton
(1815, 1560)
20 ../../Datasets/5_nturgb+d/nturgb+d_skeletons/S001C001P003R002A040.skeleton
(1820, 1560)
20 ../../Datasets/5_nturgb+d/nturgb+d_skeletons/S001C001P003R002A041.skeleton
(1825, 1560)
20 ../../Datasets/5_nturgb+d/nturgb+d_skeletons/S001C001P003R002A042.skeleton
(1832, 1560)
20 ../../Datasets/5_nturgb+d/nturgb+d_skeletons/S001C001P003R002A043.skeleton
(1837, 1560)
20 ../../Datasets/5_nturgb+d/nturgb+d_skeletons/S001C001P003R002A044.skeleton
(1843, 1560)
20 ../../Datasets/5_nturgb+d/nturgb+d_skeletons/S001C001P003R002A045.skeleton
(1848, 1560)
20 ../../Datasets/5_nturgb+d/nturgb+d_skeletons/S001C001P003R002A046.skeleton
(1853, 1560)
20 ../../Datasets/5_nturgb+d/nturgb+d_skeletons/S001C001P003R002A047.skeleton
(1858, 1560)
20 ../../Datasets/5_nturgb+d/nturgb+d_skeletons/S001C001P003R002A048.skeleton
(1863, 1560)
20 ../../Datasets/5_nturgb+d/nturgb+d_skeletons/S001C001P003R002A049.skeleton
(1868, 1560)
20 ../../Datasets/5_nturgb+d/nturgb+d_skeletons/S001C001P003R002A050.skeleton
(1872, 1560)
20 ../../Datasets/5_nturgb+d/nturgb+d_skeletons/S001C001P003R002A051.skeleton
(1876, 1560)
20 ../../Datasets/5_nturgb+d/nturgb+d_skeletons/S001C001P003R002A052.skeleton
(1879, 1560)
20 ../../Datasets/5_nturgb+d/nturgb+d_skeletons/S001C001P003R002A053.skeleton
(1883, 1560)
20 ../../Datasets/5_nturgb+d/nturgb+d_skeletons/S001C001P003R002A054.skeleton
(1886, 1560)
20 ../../Datasets/5_nturgb+d/nturgb+d_skeletons/S001C001P003R002A055.skeleton
(1890, 1560)
20 ../../Datasets/5_nturgb+d/nturgb+d_skeletons/S001C001P003R002A056.skeleton
Traceback (most recent call last):
  File "nturgb_generateData_v1.py", line 84, in <module>
    nframe, mat = _read_skeleton(file_name, save_skelxyz=True, save_rgbxy=False, save_depthxy=False)
  File "nturgb_generateData_v1.py", line 61, in _read_skeleton
    bodymat[skel_body][frame,joint] = jointinfo[:3]
KeyError: 'skel_body2'
